2017-10-28 22:59:14 INFO  VerifyloginWithInvalidCredentails:24 - ***********Starting VerifyloginWithInvalidCredentails Test************
2017-10-28 22:59:16 INFO  HomePage:39 - Click signIn and object is : [[RemoteWebDriver: chrome on MAC (0bca2e600b0adb89b53fb0bdb9ce9853)] -> xpath: .//*[@id='header']/div[2]/div/div/nav/div[1]/a]
2017-10-28 22:59:16 INFO  HomePage:41 - Enterd login and object is : [[RemoteWebDriver: chrome on MAC (0bca2e600b0adb89b53fb0bdb9ce9853)] -> xpath: .//*[@id='email']]
2017-10-28 22:59:16 INFO  HomePage:43 - Enterd password and object is : [[RemoteWebDriver: chrome on MAC (0bca2e600b0adb89b53fb0bdb9ce9853)] -> xpath: .//*[@id='passwd']]
2017-10-28 22:59:16 INFO  HomePage:45 - Click submitButton and object is : [[RemoteWebDriver: chrome on MAC (0bca2e600b0adb89b53fb0bdb9ce9853)] -> xpath: .//*[@id='SubmitLogin']]
2017-10-28 22:59:16 INFO  HomePage:49 - Error message is : Invalid email address.
2017-10-28 22:59:16 INFO  VerifyloginWithInvalidCredentails:28 - ***********Finish VerifyloginWithInvalidCredentails Test************
2017-10-28 23:22:57 INFO  VerifyloginWithInvalidCredentails:24 - ***********Starting VerifyloginWithInvalidCredentails Test************
2017-10-28 23:22:57 INFO  HomePage:39 - Click signIn and object is : [[RemoteWebDriver: chrome on MAC (2b25329e82799b503f407881406d695d)] -> xpath: .//*[@id='header']/div[2]/div/div/nav/div[1]/a]
2017-10-28 23:22:58 INFO  HomePage:41 - Enterd login and object is : [[RemoteWebDriver: chrome on MAC (2b25329e82799b503f407881406d695d)] -> xpath: .//*[@id='email']]
2017-10-28 23:22:58 INFO  HomePage:43 - Enterd password and object is : [[RemoteWebDriver: chrome on MAC (2b25329e82799b503f407881406d695d)] -> xpath: .//*[@id='passwd']]
2017-10-28 23:23:03 INFO  HomePage:45 - Click submitButton and object is : [[RemoteWebDriver: chrome on MAC (2b25329e82799b503f407881406d695d)] -> xpath: .//*[@id='SubmitLogin']]
2017-10-28 23:23:03 INFO  HomePage:49 - Error message is : Invalid email address.
2017-10-28 23:23:03 INFO  VerifyloginWithInvalidCredentails:28 - ***********Finish VerifyloginWithInvalidCredentails Test************
2017-11-10 11:45:08 INFO  VerifyloginWithInvalidCredentails:24 - ***********Starting VerifyloginWithInvalidCredentails Test************
2017-11-10 11:45:11 INFO  HomePage:39 - Click signIn and object is : [[RemoteWebDriver: chrome on MAC (b6b78126435ecfe1bd944901cd5836af)] -> xpath: .//*[@id='header']/div[2]/div/div/nav/div[1]/a]
2017-11-10 11:45:11 INFO  HomePage:41 - Enterd login and object is : [[RemoteWebDriver: chrome on MAC (b6b78126435ecfe1bd944901cd5836af)] -> xpath: .//*[@id='email']]
2017-11-10 11:45:11 INFO  HomePage:43 - Enterd password and object is : [[RemoteWebDriver: chrome on MAC (b6b78126435ecfe1bd944901cd5836af)] -> xpath: .//*[@id='passwd']]
2017-11-10 11:45:12 INFO  HomePage:45 - Click submitButton and object is : [[RemoteWebDriver: chrome on MAC (b6b78126435ecfe1bd944901cd5836af)] -> xpath: .//*[@id='SubmitLogin']]
2017-11-10 11:45:12 INFO  HomePage:49 - Error message is : Invalid email address.
2017-11-10 11:45:12 INFO  VerifyloginWithInvalidCredentails:28 - ***********Finish VerifyloginWithInvalidCredentails Test************
2017-11-10 23:10:42 INFO  VerifyloginWithInvalidCredentails:24 - ***********Starting VerifyloginWithInvalidCredentails Test************
2017-11-10 23:10:43 INFO  HomePage:39 - Click signIn and object is : [[RemoteWebDriver: chrome on MAC (20fcd8b1efc6cdbd4ca4693b5d82459e)] -> xpath: .//*[@id='header']/div[2]/div/div/nav/div[1]/a]
2017-11-10 23:10:43 INFO  HomePage:41 - Enterd login and object is : [[RemoteWebDriver: chrome on MAC (20fcd8b1efc6cdbd4ca4693b5d82459e)] -> xpath: .//*[@id='email']]
2017-11-10 23:10:43 INFO  HomePage:43 - Enterd password and object is : [[RemoteWebDriver: chrome on MAC (20fcd8b1efc6cdbd4ca4693b5d82459e)] -> xpath: .//*[@id='passwd']]
2017-11-10 23:10:44 INFO  HomePage:45 - Click submitButton and object is : [[RemoteWebDriver: chrome on MAC (20fcd8b1efc6cdbd4ca4693b5d82459e)] -> xpath: .//*[@id='SubmitLogin']]
2017-11-10 23:10:44 INFO  HomePage:49 - Error message is : Invalid email address.
2017-11-10 23:10:44 INFO  VerifyloginWithInvalidCredentails:28 - ***********Finish VerifyloginWithInvalidCredentails Test************
2017-11-11 11:11:19 INFO  VerifyloginWithValidCredentails:24 - ***********Starting verifyLoginWithValidCredentails Test************
2017-11-11 11:11:20 INFO  HomePage:42 - Click signIn and object is : [[RemoteWebDriver: chrome on MAC (2d657fdc8691a5832079a79b65ddd990)] -> xpath: .//*[@id='header']/div[2]/div/div/nav/div[1]/a]
2017-11-11 11:11:20 INFO  HomePage:44 - Enterd login and object is : [[RemoteWebDriver: chrome on MAC (2d657fdc8691a5832079a79b65ddd990)] -> xpath: .//*[@id='email']]
2017-11-11 11:11:20 INFO  HomePage:46 - Enterd password and object is : [[RemoteWebDriver: chrome on MAC (2d657fdc8691a5832079a79b65ddd990)] -> xpath: .//*[@id='passwd']]
2017-11-11 11:11:21 INFO  HomePage:48 - Click submitButton and object is : [[RemoteWebDriver: chrome on MAC (2d657fdc8691a5832079a79b65ddd990)] -> xpath: .//*[@id='SubmitLogin']]
2017-11-11 11:11:21 INFO  HomePage:52 - Error message is : Invalid email address.
2017-11-11 11:11:21 INFO  VerifyloginWithValidCredentails:28 - ***********Finish VerifyloginWithInvalidCredentails Test************
2017-11-11 11:12:27 INFO  VerifyloginWithInvalidCredentails:24 - ***********Starting VerifyloginWithInvalidCredentails Test************
2017-11-11 11:12:28 INFO  HomePage:42 - Click signIn and object is : [[RemoteWebDriver: chrome on MAC (7b63fa99fa58613071e7f2972672abd8)] -> xpath: .//*[@id='header']/div[2]/div/div/nav/div[1]/a]
2017-11-11 11:12:28 INFO  HomePage:44 - Enterd login and object is : [[RemoteWebDriver: chrome on MAC (7b63fa99fa58613071e7f2972672abd8)] -> xpath: .//*[@id='email']]
2017-11-11 11:12:28 INFO  HomePage:46 - Enterd password and object is : [[RemoteWebDriver: chrome on MAC (7b63fa99fa58613071e7f2972672abd8)] -> xpath: .//*[@id='passwd']]
2017-11-11 11:12:29 INFO  HomePage:48 - Click submitButton and object is : [[RemoteWebDriver: chrome on MAC (7b63fa99fa58613071e7f2972672abd8)] -> xpath: .//*[@id='SubmitLogin']]
2017-11-11 11:12:29 INFO  HomePage:52 - Error message is : Invalid email address.
2017-11-11 11:12:29 INFO  VerifyloginWithInvalidCredentails:28 - ***********Finish VerifyloginWithInvalidCredentails Test************
2017-11-11 11:12:46 INFO  VerifyloginWithValidCredentails:24 - ***********Starting verifyLoginWithValidCredentails Test************
2017-11-11 11:12:47 INFO  HomePage:42 - Click signIn and object is : [[RemoteWebDriver: chrome on MAC (6726ebe1256b40c7dd820cf4613cdb2d)] -> xpath: .//*[@id='header']/div[2]/div/div/nav/div[1]/a]
2017-11-11 11:12:47 INFO  HomePage:44 - Enterd login and object is : [[RemoteWebDriver: chrome on MAC (6726ebe1256b40c7dd820cf4613cdb2d)] -> xpath: .//*[@id='email']]
2017-11-11 11:12:47 INFO  HomePage:46 - Enterd password and object is : [[RemoteWebDriver: chrome on MAC (6726ebe1256b40c7dd820cf4613cdb2d)] -> xpath: .//*[@id='passwd']]
2017-11-11 11:12:48 INFO  HomePage:48 - Click submitButton and object is : [[RemoteWebDriver: chrome on MAC (6726ebe1256b40c7dd820cf4613cdb2d)] -> xpath: .//*[@id='SubmitLogin']]
2017-11-11 11:12:48 INFO  HomePage:52 - Error message is : Invalid email address.
2017-11-11 11:13:25 INFO  VerifyloginWithValidCredentails:24 - ***********Starting verifyLoginWithValidCredentails Test************
2017-11-11 11:13:26 INFO  HomePage:42 - Click signIn and object is : [[RemoteWebDriver: chrome on MAC (ff001f38fb413203dff500d9e936adbe)] -> xpath: .//*[@id='header']/div[2]/div/div/nav/div[1]/a]
2017-11-11 11:13:26 INFO  HomePage:44 - Enterd login and object is : [[RemoteWebDriver: chrome on MAC (ff001f38fb413203dff500d9e936adbe)] -> xpath: .//*[@id='email']]
2017-11-11 11:13:27 INFO  HomePage:46 - Enterd password and object is : [[RemoteWebDriver: chrome on MAC (ff001f38fb413203dff500d9e936adbe)] -> xpath: .//*[@id='passwd']]
2017-11-11 11:13:27 INFO  HomePage:48 - Click submitButton and object is : [[RemoteWebDriver: chrome on MAC (ff001f38fb413203dff500d9e936adbe)] -> xpath: .//*[@id='SubmitLogin']]
2017-11-11 11:13:27 INFO  HomePage:52 - Error message is : Authentication failed.
2017-11-11 11:14:20 INFO  VerifyloginWithValidCredentails:24 - ***********Starting verifyLoginWithValidCredentails Test************
2017-11-11 11:14:21 INFO  HomePage:42 - Click signIn and object is : [[RemoteWebDriver: chrome on MAC (f32597fdf5c11f3f1ae79e9494d1ea87)] -> xpath: .//*[@id='header']/div[2]/div/div/nav/div[1]/a]
2017-11-11 11:14:21 INFO  HomePage:44 - Enterd login and object is : [[RemoteWebDriver: chrome on MAC (f32597fdf5c11f3f1ae79e9494d1ea87)] -> xpath: .//*[@id='email']]
2017-11-11 11:14:21 INFO  HomePage:46 - Enterd password and object is : [[RemoteWebDriver: chrome on MAC (f32597fdf5c11f3f1ae79e9494d1ea87)] -> xpath: .//*[@id='passwd']]
2017-11-11 11:14:22 INFO  HomePage:48 - Click submitButton and object is : [[RemoteWebDriver: chrome on MAC (f32597fdf5c11f3f1ae79e9494d1ea87)] -> xpath: .//*[@id='SubmitLogin']]
2017-11-11 11:14:22 INFO  HomePage:57 - Valid message is : Sign in
2017-11-11 11:15:20 INFO  VerifyloginWithValidCredentails:24 - ***********Starting verifyLoginWithValidCredentails Test************
2017-11-11 11:15:21 INFO  HomePage:42 - Click signIn and object is : [[RemoteWebDriver: chrome on MAC (ae7ad50a002cdd2e9f98e230e5a24b0e)] -> xpath: .//*[@id='header']/div[2]/div/div/nav/div[1]/a]
2017-11-11 11:15:21 INFO  HomePage:44 - Enterd login and object is : [[RemoteWebDriver: chrome on MAC (ae7ad50a002cdd2e9f98e230e5a24b0e)] -> xpath: .//*[@id='email']]
2017-11-11 11:15:21 INFO  HomePage:46 - Enterd password and object is : [[RemoteWebDriver: chrome on MAC (ae7ad50a002cdd2e9f98e230e5a24b0e)] -> xpath: .//*[@id='passwd']]
2017-11-11 11:16:22 INFO  HomePage:48 - Click submitButton and object is : Proxy element for: DefaultElementLocator 'By.xpath: .//*[@id='SubmitLogin']'
2017-11-11 11:16:22 INFO  HomePage:57 - Valid message is : k u
2017-11-11 11:16:22 INFO  VerifyloginWithValidCredentails:28 - ***********Finish verifyLoginWithValidCredentails Test************
2017-11-11 11:19:18 INFO  VerifyloginWithInvalidCredentails:24 - ***********Starting VerifyloginWithInvalidCredentails Test************
2017-11-11 11:19:19 INFO  HomePage:42 - Click signIn and object is : [[RemoteWebDriver: chrome on MAC (3185e9d19e0c7ec4f135f11e68b046a5)] -> xpath: .//*[@id='header']/div[2]/div/div/nav/div[1]/a]
2017-11-11 11:19:19 INFO  HomePage:44 - Enterd login and object is : [[RemoteWebDriver: chrome on MAC (3185e9d19e0c7ec4f135f11e68b046a5)] -> xpath: .//*[@id='email']]
2017-11-11 11:19:19 INFO  HomePage:46 - Enterd password and object is : [[RemoteWebDriver: chrome on MAC (3185e9d19e0c7ec4f135f11e68b046a5)] -> xpath: .//*[@id='passwd']]
2017-11-11 11:19:20 INFO  HomePage:48 - Click submitButton and object is : [[RemoteWebDriver: chrome on MAC (3185e9d19e0c7ec4f135f11e68b046a5)] -> xpath: .//*[@id='SubmitLogin']]
2017-11-11 11:19:20 INFO  HomePage:52 - Error message is : Authentication failed.
2017-11-11 11:19:20 INFO  TestBase:36 - creating object of  chrome
2017-11-11 11:19:21 INFO  TestBase:48 - navigating to http://automationpractice.com/index.php
2017-11-11 11:19:23 INFO  VerifyloginWithValidCredentails:24 - ***********Starting verifyLoginWithValidCredentails Test************
2017-11-11 11:19:24 INFO  HomePage:42 - Click signIn and object is : [[RemoteWebDriver: chrome on MAC (94204bd180571164f9048cffefb4e221)] -> xpath: .//*[@id='header']/div[2]/div/div/nav/div[1]/a]
2017-11-11 11:19:24 INFO  HomePage:44 - Enterd login and object is : [[RemoteWebDriver: chrome on MAC (94204bd180571164f9048cffefb4e221)] -> xpath: .//*[@id='email']]
2017-11-11 11:19:24 INFO  HomePage:46 - Enterd password and object is : [[RemoteWebDriver: chrome on MAC (94204bd180571164f9048cffefb4e221)] -> xpath: .//*[@id='passwd']]
2017-11-11 11:20:25 INFO  HomePage:48 - Click submitButton and object is : Proxy element for: DefaultElementLocator 'By.xpath: .//*[@id='SubmitLogin']'
2017-11-11 11:20:25 INFO  HomePage:57 - Valid message is : k u
2017-11-11 11:20:25 INFO  VerifyloginWithValidCredentails:28 - ***********Finish verifyLoginWithValidCredentails Test************
2017-11-11 11:21:40 INFO  VerifyloginWithInvalidCredentails:24 - ***********Starting VerifyloginWithInvalidCredentails Test************
2017-11-11 11:21:41 INFO  HomePage:42 - Click signIn and object is : [[RemoteWebDriver: chrome on MAC (aa68aaa142fee5c8a665a59ae8bfa3ea)] -> xpath: .//*[@id='header']/div[2]/div/div/nav/div[1]/a]
2017-11-11 11:21:42 INFO  HomePage:44 - Enterd login and object is : [[RemoteWebDriver: chrome on MAC (aa68aaa142fee5c8a665a59ae8bfa3ea)] -> xpath: .//*[@id='email']]
2017-11-11 11:21:42 INFO  HomePage:46 - Enterd password and object is : [[RemoteWebDriver: chrome on MAC (aa68aaa142fee5c8a665a59ae8bfa3ea)] -> xpath: .//*[@id='passwd']]
2017-11-11 11:21:42 INFO  HomePage:48 - Click submitButton and object is : [[RemoteWebDriver: chrome on MAC (aa68aaa142fee5c8a665a59ae8bfa3ea)] -> xpath: .//*[@id='SubmitLogin']]
2017-11-11 11:21:42 INFO  HomePage:52 - Error message is : Authentication failed.
2017-11-11 11:21:42 INFO  VerifyloginWithInvalidCredentails:28 - ***********Finish VerifyloginWithInvalidCredentails Test************
2017-11-11 11:21:43 INFO  TestBase:36 - creating object of  chrome
2017-11-11 11:21:43 INFO  TestBase:48 - navigating to http://automationpractice.com/index.php
2017-11-11 11:21:46 INFO  VerifyloginWithValidCredentails:24 - ***********Starting verifyLoginWithValidCredentails Test************
2017-11-11 11:21:47 INFO  HomePage:42 - Click signIn and object is : [[RemoteWebDriver: chrome on MAC (b340001426abdf09d459087ce14a39d2)] -> xpath: .//*[@id='header']/div[2]/div/div/nav/div[1]/a]
2017-11-11 11:21:47 INFO  HomePage:44 - Enterd login and object is : [[RemoteWebDriver: chrome on MAC (b340001426abdf09d459087ce14a39d2)] -> xpath: .//*[@id='email']]
2017-11-11 11:21:47 INFO  HomePage:46 - Enterd password and object is : [[RemoteWebDriver: chrome on MAC (b340001426abdf09d459087ce14a39d2)] -> xpath: .//*[@id='passwd']]
2017-11-11 11:22:49 INFO  HomePage:48 - Click submitButton and object is : Proxy element for: DefaultElementLocator 'By.xpath: .//*[@id='SubmitLogin']'
2017-11-11 11:22:49 INFO  HomePage:57 - Valid message is : k u
2017-11-11 11:22:49 INFO  VerifyloginWithValidCredentails:28 - ***********Finish verifyLoginWithValidCredentails Test************
2017-11-12 10:35:38 INFO  VerifyloginWithInvalidCredentails:34 - ***********Starting verifyHomePagePhoneNumber Test************
2017-11-12 10:35:38 INFO  HomePage:57 - validphonenumber object is : [[RemoteWebDriver: chrome on MAC (0c44f845f5a8528bacfd6c4312e914c1)] -> xpath: .//*[@id='header']/div[2]/div/div/nav/span/strong]
2017-11-12 10:35:38 INFO  VerifyloginWithInvalidCredentails:37 - ***********Finish verifyHomePagePhoneNumber Test************
2017-11-12 10:55:01 INFO  VerifyloginWithInvalidCredentails:34 - ***********Starting verifyHomePagePhoneNumber Test************
2017-11-12 10:55:02 INFO  HomePage:61 - validphonenumber object is : [[RemoteWebDriver: chrome on MAC (7474a611ccf981de5936f41399834141)] -> xpath: .//*[@id='header']/div[2]/div/div/nav/span/strong]
2017-11-12 10:55:02 INFO  VerifyloginWithInvalidCredentails:37 - ***********Finish verifyHomePagePhoneNumber Test************
2017-11-12 10:55:02 INFO  VerifyloginWithInvalidCredentails:24 - ***********Starting VerifyloginWithInvalidCredentails Test************
2017-11-12 10:55:02 INFO  HomePage:50 - Click signIn and object is : [[RemoteWebDriver: chrome on MAC (7474a611ccf981de5936f41399834141)] -> xpath: .//*[@id='header']/div[2]/div/div/nav/div[1]/a]
2017-11-12 10:55:03 INFO  HomePage:52 - Enterd login and object is : [[RemoteWebDriver: chrome on MAC (7474a611ccf981de5936f41399834141)] -> xpath: .//*[@id='email']]
2017-11-12 10:55:03 INFO  HomePage:54 - Enterd password and object is : [[RemoteWebDriver: chrome on MAC (7474a611ccf981de5936f41399834141)] -> xpath: .//*[@id='passwd']]
2017-11-12 10:55:03 INFO  HomePage:56 - Click submitButton and object is : [[RemoteWebDriver: chrome on MAC (7474a611ccf981de5936f41399834141)] -> xpath: .//*[@id='SubmitLogin']]
2017-11-12 10:55:03 INFO  HomePage:70 - Error message is : Authentication failed.
2017-11-12 10:55:03 INFO  VerifyloginWithInvalidCredentails:28 - ***********Finish VerifyloginWithInvalidCredentails Test************
2017-11-12 10:55:03 INFO  VerifyloginWithInvalidCredentails:42 - ***********Starting vrifiedHomePageshoppingchart Test************
2017-11-12 10:55:03 INFO  HomePage:65 -  shoppingchart object is : [[RemoteWebDriver: chrome on MAC (7474a611ccf981de5936f41399834141)] -> xpath: .//*[@id='header']/div[3]/div/div/div[3]/div/a]
2017-11-12 10:55:03 INFO  VerifyloginWithInvalidCredentails:45 - ***********Finish verifyHomePageShoppingChart Test************
2017-11-12 10:57:05 INFO  VerifyloginWithInvalidCredentails:42 - ***********Starting vrifiedHomePageshoppingchart Test************
2017-11-12 10:57:05 INFO  HomePage:65 -  shoppingchart object is : [[RemoteWebDriver: chrome on MAC (77da5475cb88754eeba88a5608cc646b)] -> xpath: .//*[@id='header']/div[3]/div/div/div[3]/div/a]
2017-11-12 10:57:05 INFO  VerifyloginWithInvalidCredentails:45 - ***********Finish verifyHomePageShoppingChart Test************
2017-11-12 11:09:11 INFO  VerifyloginWithInvalidCredentails:34 - ***********Starting verifyHomePagePhoneNumber Test************
2017-11-12 11:09:11 INFO  HomePage:64 - validphonenumber object is : [[RemoteWebDriver: chrome on MAC (57d95e9dfb667ce5898733e436e73c74)] -> xpath: .//*[@id='header']/div[2]/div/div/nav/span/strong]
2017-11-12 11:09:11 INFO  VerifyloginWithInvalidCredentails:37 - ***********Finish verifyHomePagePhoneNumber Test************
2017-11-12 11:09:11 INFO  VerifyloginWithInvalidCredentails:24 - ***********Starting VerifyloginWithInvalidCredentails Test************
2017-11-12 11:09:12 INFO  HomePage:53 - Click signIn and object is : [[RemoteWebDriver: chrome on MAC (57d95e9dfb667ce5898733e436e73c74)] -> xpath: .//*[@id='header']/div[2]/div/div/nav/div[1]/a]
2017-11-12 11:09:12 INFO  HomePage:55 - Enterd login and object is : [[RemoteWebDriver: chrome on MAC (57d95e9dfb667ce5898733e436e73c74)] -> xpath: .//*[@id='email']]
2017-11-12 11:09:12 INFO  HomePage:57 - Enterd password and object is : [[RemoteWebDriver: chrome on MAC (57d95e9dfb667ce5898733e436e73c74)] -> xpath: .//*[@id='passwd']]
2017-11-12 11:09:13 INFO  HomePage:59 - Click submitButton and object is : [[RemoteWebDriver: chrome on MAC (57d95e9dfb667ce5898733e436e73c74)] -> xpath: .//*[@id='SubmitLogin']]
2017-11-12 11:09:13 INFO  HomePage:77 - Error message is : Authentication failed.
2017-11-12 11:09:13 INFO  VerifyloginWithInvalidCredentails:28 - ***********Finish VerifyloginWithInvalidCredentails Test************
2017-11-12 11:09:13 INFO  VerifyloginWithInvalidCredentails:49 - ***********Starting vrifiedHomePagesearchbutton Test************
2017-11-12 11:09:13 INFO  HomePage:72 -  searchbutton object is : [[RemoteWebDriver: chrome on MAC (57d95e9dfb667ce5898733e436e73c74)] -> xpath: .//*[@id='search_query_top']]
2017-11-12 11:09:13 INFO  VerifyloginWithInvalidCredentails:52 - ***********Finish verifyHomePagesearchbutton Test************
2017-11-12 11:09:13 INFO  VerifyloginWithInvalidCredentails:42 - ***********Starting vrifiedHomePageshoppingchart Test************
2017-11-12 11:09:13 INFO  HomePage:68 -  shoppingchart object is : [[RemoteWebDriver: chrome on MAC (57d95e9dfb667ce5898733e436e73c74)] -> xpath: .//*[@id='header']/div[3]/div/div/div[3]/div/a]
2017-11-12 11:09:13 INFO  VerifyloginWithInvalidCredentails:45 - ***********Finish verifyHomePageShoppingChart Test************
2017-11-12 11:38:30 INFO  VerifyloginWithInvalidCredentails:33 - ***********Starting Verifysearchshirt Test************
2017-11-12 11:38:30 INFO  HomePage:76 - homepageSearchbutton object is : [[RemoteWebDriver: chrome on MAC (7e19f314db7838e0cf58e47d589d07bd)] -> xpath: .//*[@id='search_query_top']]
2017-11-12 11:38:30 INFO  HomePage:80 - Valid message is : Sign in
2017-11-12 11:41:05 INFO  VerifyloginWithValidCredentails:24 - ***********Starting verifyLoginWithValidCredentails Test************
2017-11-12 11:41:06 INFO  HomePage:59 - Click signIn and object is : [[RemoteWebDriver: chrome on MAC (1b60a5aef732c44fe5ae4a5fb8c02fcb)] -> xpath: .//*[@id='header']/div[2]/div/div/nav/div[1]/a]
2017-11-12 11:41:06 INFO  HomePage:61 - Enterd login and object is : [[RemoteWebDriver: chrome on MAC (1b60a5aef732c44fe5ae4a5fb8c02fcb)] -> xpath: .//*[@id='email']]
2017-11-12 11:41:06 INFO  HomePage:63 - Enterd password and object is : [[RemoteWebDriver: chrome on MAC (1b60a5aef732c44fe5ae4a5fb8c02fcb)] -> xpath: .//*[@id='passwd']]
2017-11-12 11:42:07 INFO  HomePage:65 - Click submitButton and object is : Proxy element for: DefaultElementLocator 'By.xpath: .//*[@id='SubmitLogin']'
2017-11-12 11:42:07 INFO  HomePage:101 - Valid message is : k u
2017-11-12 11:42:07 INFO  VerifyloginWithValidCredentails:28 - ***********Finish verifyLoginWithValidCredentails Test************
